Device set to use cpu
要約モデルをロード中...
要約モデルのロードが完了しました
テキストファイル 'transcript.txt' を処理します...

テキスト処理と要約を開始します...
==================================================
今日は人工知能について話します。人工知能（AI）は、人間の知能を模倣するようにプログラムされたコンピュータシステムです。
AIは機械学習、深層学習、自然言語処理などの技術を使用して、データから学習し、パターンを認識し、意思決定を行います。
現代のAIシステムは、画像認識、音声認識、自然言語理解、ゲームプレイなど、さまざまなタスクで人間レベルのパフォーマンスを達成しています。
AIの応用分野は広く、医療診断、自動運転車、パーソナルアシスタント、推薦システムなど多岐にわたります。
しかし、AIの発展には倫理的な懸念もあります。プライバシー、雇用への影響、意思決定の透明性、バイアスなどの問題が議論されています。
AIの将来は、技術の進歩と社会的な受容のバランスによって形作られるでしょう。
責任あるAI開発と利用のためには、技術者、政策立案者、一般市民の間での対話が重要です。
AIは単なるツールであり、その使い方は私たち人間の手に委ねられています。
AIの目標は人間の能力を置き換えることではなく、人間の能力を拡張し、より良い社会を作ることです。
AIと人間が協力することで、私たちはこれまで解決できなかった問題に取り組むことができるようになるでしょう。


=== 要約 ===
AI. 今日   “AI’s” “” means “Artificial Intelligence’” in Japanese. “AI.” is an abbreviation of the Japanese word “artificial intelligence’.
===========

AIの研究は1950年代から始まりましたが、近年のコンピューティングパワーの向上とビッグデータの利用可能性により急速に進展しています。
深層学習の発展は、画像認識や自然言語処理などの分野で革命的な進歩をもたらしました。
今後のAI研究の方向性としては、より少ないデータでの学習能力の向上、説明可能なAI、マルチモーダル学習などが注目されています。
AIの普及に伴い、デジタルリテラシーやAIリテラシーの教育も重要になってきています。
最終的には、AIは人間中心の価値観に基づいて開発され、人間社会に貢献するものであるべきです。


=== 最終要約 ===
AI   “AI’s” is an abbreviation of the Japanese word for “peace”. It means “nothing” in Japanese.
===========


処理が完了しました。
